[2015-11-16 10:00:40] START
[2015-11-16 10:33:39] EDIT bot/models/db.py: 2
[2015-11-16 10:37:24] EDIT bot/controllers/default.py: 8
[2015-11-16 10:37:49] EDIT bot/controllers/default.py: -6
[2015-11-16 10:42:03] EDIT bot/models/db.py: 1
[2015-11-16 10:42:52] EDIT bot/controllers/default.py: 2
[2015-11-16 10:43:33] EDIT bot/controllers/default.py: -10
[2015-11-16 10:44:40] CREATE default/dashboard.html: 0
[2015-11-16 10:45:29] EDIT bot/controllers/default.py: 0
[2015-11-16 10:46:17] EDIT bot/controllers/default.py: 2
[2015-11-16 10:47:10] EDIT bot/views/default/index.html: -47
[2015-11-16 10:47:53] EDIT bot/views/default/index.html: 0
[2015-11-16 10:56:02] EDIT bot/models/db.py: 1
[2015-11-16 11:02:15] EDIT bot/models/db.py: -1
[2015-11-16 11:03:25] EDIT bot/models/db.py: 1
[2015-11-16 11:06:10] EDIT bot/models/db.py: -2
[2015-11-16 11:07:25] EDIT bot/views/default/index.html: 0
[2015-11-16 11:07:46] EDIT bot/views/default/index.html: 0
[2015-11-16 11:17:08] EDIT bot/models/db.py: 3
[2015-11-16 11:21:41] EDIT bot/models/db.py: 2
[2015-11-16 11:21:51] EDIT bot/models/db.py: 0
[2015-11-16 11:23:12] EDIT bot/models/db.py: 0
[2015-11-16 11:24:13] EDIT bot/models/db.py: 0
[2015-11-16 11:25:53] EDIT bot/models/db.py: 0
[2015-11-16 11:26:51] EDIT bot/models/db.py: 0
[2015-11-16 11:31:59] EDIT bot/models/db.py: 0
[2015-11-16 11:35:37] EDIT bot/models/db.py: 0
[2015-11-16 11:35:56] EDIT bot/models/db.py: 0
[2015-11-16 11:42:18] EDIT bot/models/db.py: 1
[2015-11-16 11:42:24] EDIT bot/models/db.py: 0
[2015-11-16 11:42:25] EDIT bot/models/db.py: 0
[2015-11-16 11:42:33] EDIT bot/models/db.py: 0
[2015-11-16 11:42:50] EDIT bot/models/db.py: 0
[2015-11-16 11:46:11] EDIT bot/models/db.py: 0
[2015-11-16 11:49:16] EDIT bot/models/db.py: 0
[2015-11-16 11:50:12] EDIT bot/models/db.py: 0
[2015-11-16 11:50:19] EDIT bot/models/db.py: 0
[2015-11-16 11:51:16] EDIT bot/models/db.py: -1
[2015-11-16 11:52:09] EDIT bot/models/db.py: 0
[2015-11-16 11:53:08] EDIT bot/models/db.py: 0
[2015-11-16 11:53:51] EDIT bot/models/db.py: 0
[2015-11-16 11:54:16] EDIT bot/models/db.py: 0
[2015-11-16 12:00:05] EDIT bot/models/db.py: 0
[2015-11-16 12:00:07] EDIT bot/models/db.py: 0
[2015-11-16 12:01:02] EDIT bot/controllers/default.py: 0
[2015-11-16 12:02:22] EDIT bot/models/db.py: -1
[2015-11-16 12:02:56] EDIT bot/models/db.py: 0
[2015-11-16 12:04:57] EDIT bot/models/db.py: 2
[2015-11-16 12:05:31] EDIT bot/models/db.py: 1
[2015-11-16 12:08:22] EDIT bot/models/db.py: 0
[2015-11-16 12:10:44] EDIT bot/models/db.py: 0
[2015-11-16 12:11:15] EDIT bot/models/db.py: 0
[2015-11-16 12:12:13] EDIT bot/models/db.py: 0
[2015-11-16 15:07:01] EDIT bot/models/db.py: 0
[2015-11-16 15:08:21] EDIT bot/models/db.py: 0
[2015-11-16 15:10:58] EDIT bot/models/db.py: 0
[2015-11-16 15:13:30] EDIT bot/models/db.py: 0
[2015-11-16 15:14:51] EDIT bot/models/db.py: 0
[2015-11-16 15:21:07] EDIT bot/models/db.py: 0
[2015-11-16 15:21:12] EDIT bot/models/db.py: 0
[2015-11-16 15:21:14] EDIT bot/models/db.py: 0
[2015-11-16 15:21:17] EDIT bot/models/db.py: 0
[2015-11-16 15:21:40] EDIT bot/models/db.py: 0
[2015-11-16 15:21:48] EDIT bot/models/db.py: 0
[2015-11-16 15:21:50] EDIT bot/models/db.py: 0
[2015-11-16 15:23:37] EDIT bot/models/db.py: 0
[2015-11-16 15:24:00] EDIT bot/models/db.py: 0
[2015-11-16 15:24:51] EDIT bot/models/db.py: -3
[2015-11-16 15:25:14] EDIT bot/models/db.py: 0
[2015-11-16 15:25:25] EDIT bot/models/db.py: 0
[2015-11-16 15:28:34] EDIT bot/models/db.py: 4
[2015-11-16 15:28:54] EDIT bot/models/db.py: 0
[2015-11-16 15:29:50] EDIT bot/models/db.py: 0
[2015-11-16 15:30:08] EDIT bot/models/db.py: 0
[2015-11-16 15:30:26] EDIT bot/models/db.py: 0
[2015-11-16 15:30:40] EDIT bot/models/db.py: 0
[2015-11-16 15:31:27] EDIT bot/models/db.py: -4
[2015-11-16 15:31:58] EDIT bot/models/db.py: 1
[2015-11-16 15:32:42] EDIT bot/models/db.py: 3
[2015-11-16 15:33:28] EDIT bot/views/default/dashboard.html: 0
[2015-11-16 15:34:54] CREATE default/settings.html: 0
[2015-11-16 15:45:25] EDIT bot/models/db.py: 1
[2015-11-16 15:49:10] EDIT bot/models/db.py: 0
[2015-11-16 15:51:18] EDIT bot/models/db.py: 0
[2015-11-16 15:53:02] EDIT bot/models/db.py: 0
[2015-11-16 15:54:18] EDIT bot/models/db.py: 0
[2015-11-16 15:57:28] EDIT bot/controllers/default.py: 10
[2015-11-16 15:58:41] EDIT bot/views/default/settings.html: 0
[2015-11-16 16:02:32] EDIT bot/models/db.py: 0
[2015-11-16 21:02:02] EDIT bot/models/db.py: 0
[2015-11-16 21:15:10] EDIT bot/models/db.py: 0
[2015-11-16 21:16:42] EDIT bot/models/db.py: 0
[2015-11-16 21:20:44] EDIT bot/models/db.py: 0
[2015-11-16 21:22:22] EDIT bot/models/db.py: 0
[2015-11-16 21:22:30] EDIT bot/models/db.py: 0
[2015-11-16 21:22:34] EDIT bot/models/db.py: 0
[2015-11-16 21:25:33] EDIT bot/models/db.py: 0
[2015-11-16 21:26:50] EDIT bot/models/db.py: 0
[2015-11-16 21:28:16] EDIT bot/views/default/settings.html: -1
[2015-11-16 21:28:42] CREATE default/accounts.html: 0
[2015-11-16 21:29:01] EDIT bot/views/default/accounts.html: -1
[2015-11-16 21:29:38] EDIT bot/controllers/default.py: 9
[2015-11-16 21:31:32] EDIT bot/controllers/default.py: 1
[2015-11-16 21:38:43] EDIT bot/views/default/dashboard.html: 1
[2015-11-16 21:39:04] EDIT bot/views/default/dashboard.html: 0
[2015-11-16 21:39:23] EDIT bot/views/default/dashboard.html: 1
[2015-11-16 21:39:35] EDIT bot/views/default/dashboard.html: -1
[2015-11-16 21:42:24] EDIT bot/models/db.py: 0
[2015-11-16 21:43:14] EDIT bot/models/db.py: 0
[2015-11-16 21:43:43] EDIT bot/models/db.py: 0
[2015-11-16 21:44:33] EDIT bot/models/db.py: 0
[2015-11-16 21:49:06] EDIT bot/models/db.py: -4
[2015-11-16 21:57:28] EDIT bot/controllers/default.py: 12
[2015-11-16 21:58:51] CREATE default/manage_accounts.html: 0
[2015-11-16 21:59:19] CREATE default/manage_users.html: 0
[2015-11-16 21:59:36] CREATE default/manage_settings.html: 0
[2015-11-16 22:00:47] EDIT bot/controllers/default.py: 0
[2015-11-16 22:03:01] EDIT bot/views/default/dashboard.html: 7
[2015-11-16 22:07:43] EDIT bot/views/default/manage_accounts.html: -1
[2015-11-16 22:12:37] EDIT bot/views/default/accounts.html: 4
[2015-11-16 22:18:03] CREATE default/import_account.html: 0
[2015-11-16 22:25:43] EDIT bot/controllers/default.py: 12
[2015-11-16 22:27:21] EDIT bot/views/default/import_account.html: -1
[2015-11-16 22:29:17] EDIT bot/views/default/accounts.html: -3
[2015-11-16 22:30:19] EDIT bot/views/default/index.html: 2
[2015-11-16 22:30:51] EDIT bot/views/default/dashboard.html: 2
[2015-11-16 22:48:31] EDIT bot/views/default/import_account.html: 4
[2015-11-16 22:53:06] EDIT bot/views/default/import_account.html: 3
[2015-11-16 22:56:36] EDIT bot/models/db.py: 0
[2015-11-16 23:15:35] EDIT bot/controllers/default.py: 4
[2015-11-16 23:16:31] EDIT bot/controllers/default.py: 0
[2015-11-16 23:19:22] EDIT bot/controllers/default.py: 3
[2015-11-16 23:21:48] EDIT bot/controllers/default.py: 3
[2015-11-16 23:46:42] EDIT bot/controllers/default.py: 14
[2015-11-16 23:48:21] EDIT bot/controllers/default.py: 0
[2015-11-16 23:49:45] EDIT bot/models/db.py: 0
[2015-11-16 23:51:20] EDIT bot/controllers/default.py: 0
[2015-11-17 20:33:20] EDIT bot/models/db.py: 0
[2015-11-17 20:33:42] EDIT bot/models/db.py: 0
[2015-11-17 21:21:21] CREATE scheduler.py: 0
[2015-11-17 21:26:24] EDIT bot/models/scheduler.py: 11
[2015-11-17 21:32:41] EDIT bot/models/scheduler.py: 6
[2015-11-20 10:37:57] EDIT bot/controllers/default.py: 4
[2015-11-20 10:38:58] EDIT bot/controllers/default.py: 0
[2015-11-20 10:39:40] EDIT bot/controllers/default.py: 4
[2015-11-20 10:40:30] EDIT bot/views/default/dashboard.html: 4
[2015-11-20 10:42:44] EDIT bot/models/scheduler.py: 0
[2015-11-20 10:44:10] EDIT bot/models/scheduler.py: 0
[2015-11-20 10:44:37] EDIT bot/models/scheduler.py: 2
[2015-11-20 10:46:23] EDIT bot/models/scheduler.py: 0
[2015-11-20 10:50:55] EDIT bot/models/scheduler.py: -2
[2015-11-20 10:50:58] EDIT bot/models/scheduler.py: 0
[2015-11-20 10:52:24] EDIT bot/models/scheduler.py: 0
[2015-11-20 10:54:04] EDIT bot/models/scheduler.py: -1
[2015-11-20 10:54:38] EDIT bot/models/scheduler.py: 0
[2015-11-20 10:55:56] EDIT bot/models/scheduler.py: 0
[2015-11-20 11:01:46] EDIT bot/models/scheduler.py: 0
[2015-11-20 11:06:58] EDIT bot/models/scheduler.py: 1
[2015-11-20 11:09:35] EDIT bot/models/scheduler.py: -1
[2015-11-20 11:12:15] EDIT bot/models/scheduler.py: 0
[2015-11-20 11:12:16] EDIT bot/models/scheduler.py: 0
[2015-11-20 11:12:16] EDIT bot/models/scheduler.py: 0
[2015-11-20 11:12:17] EDIT bot/models/scheduler.py: 0
[2015-11-20 13:02:20] EDIT bot/models/scheduler.py: 6
[2015-11-20 13:03:05] EDIT bot/models/scheduler.py: 0
[2015-11-20 13:03:23] EDIT bot/models/scheduler.py: 0
[2015-11-20 13:03:29] EDIT bot/models/scheduler.py: 0
[2015-11-20 13:03:43] EDIT bot/models/scheduler.py: 0
[2015-11-20 13:05:02] EDIT bot/models/scheduler.py: 0
[2015-11-20 13:39:48] EDIT bot/models/scheduler.py: 17
[2015-11-20 13:39:57] EDIT bot/models/scheduler.py: 0
[2015-11-20 13:48:14] EDIT bot/models/scheduler.py: 0
[2015-11-20 13:55:37] EDIT bot/models/scheduler.py: 9
[2015-11-20 13:56:50] EDIT bot/models/scheduler.py: 0
[2015-11-20 13:57:18] EDIT bot/models/scheduler.py: 0
[2015-11-20 13:59:36] EDIT bot/models/scheduler.py: 1
[2015-11-20 14:00:21] EDIT bot/models/scheduler.py: 1
[2015-11-20 14:04:46] EDIT bot/models/scheduler.py: 2
[2015-11-20 14:08:36] EDIT bot/models/scheduler.py: 3
[2015-11-20 14:11:05] EDIT bot/models/scheduler.py: 0
[2015-11-20 14:11:08] EDIT bot/models/scheduler.py: 0
[2015-11-20 14:12:09] EDIT bot/models/scheduler.py: 0
[2015-11-20 14:13:13] EDIT bot/models/scheduler.py: 0
[2015-11-20 14:14:40] EDIT bot/models/scheduler.py: 0
[2015-11-20 14:15:19] EDIT bot/models/scheduler.py: 0
[2015-11-20 14:20:18] EDIT bot/models/scheduler.py: 0
[2015-11-20 14:21:29] EDIT bot/models/scheduler.py: 5
[2015-11-20 14:21:52] EDIT bot/models/scheduler.py: 0
[2015-11-20 14:22:14] EDIT bot/models/scheduler.py: 2
[2015-11-20 14:23:32] EDIT bot/models/scheduler.py: 0
[2015-11-20 14:24:58] EDIT bot/models/scheduler.py: 3
[2015-11-20 14:35:00] EDIT bot/models/scheduler.py: 7
[2015-11-20 14:35:07] EDIT bot/models/scheduler.py: 0
[2015-11-20 14:35:31] EDIT bot/models/scheduler.py: -1
[2015-11-20 14:36:10] EDIT bot/models/scheduler.py: 1
[2015-11-20 14:37:57] EDIT bot/models/scheduler.py: 0
[2015-11-20 14:38:19] EDIT bot/models/scheduler.py: 0
[2015-11-20 14:38:43] EDIT bot/models/scheduler.py: 0
[2015-11-20 18:44:13] EDIT bot/models/scheduler.py: 0
[2015-11-20 18:48:05] EDIT bot/models/scheduler.py: 0
[2015-11-20 18:55:21] EDIT bot/models/scheduler.py: 0
[2015-11-20 18:57:18] EDIT bot/models/scheduler.py: 0
[2015-11-20 19:15:46] EDIT bot/models/scheduler.py: 256
[2015-11-20 19:15:54] EDIT bot/models/scheduler.py: 0
[2015-11-20 19:33:22] EDIT bot/models/scheduler.py: -29
[2015-11-20 19:33:26] EDIT bot/models/scheduler.py: 0
[2015-11-20 19:40:19] EDIT bot/models/scheduler.py: 0
[2015-11-20 19:40:34] EDIT bot/models/scheduler.py: 0
[2015-11-20 19:42:09] EDIT bot/models/scheduler.py: 0
[2015-11-20 19:50:50] EDIT bot/models/scheduler.py: 1
[2015-11-20 19:55:51] EDIT bot/models/scheduler.py: 0
[2015-11-20 20:01:48] EDIT bot/models/scheduler.py: 1
[2015-11-20 20:02:57] EDIT bot/models/scheduler.py: 2
[2015-11-20 23:18:06] EDIT bot/models/scheduler.py: 0
[2015-11-20 23:18:34] EDIT bot/models/scheduler.py: 0
[2015-11-20 23:18:52] EDIT bot/models/scheduler.py: 0
[2015-11-20 23:19:00] EDIT bot/models/scheduler.py: 0
[2015-11-20 23:19:21] EDIT bot/models/scheduler.py: 0
[2015-11-20 23:19:30] EDIT bot/models/scheduler.py: 0
[2015-11-20 23:19:32] EDIT bot/models/scheduler.py: 0
[2015-11-20 23:19:38] EDIT bot/models/scheduler.py: 0
[2015-11-20 23:19:41] EDIT bot/models/scheduler.py: 0
[2015-11-20 23:19:43] EDIT bot/models/scheduler.py: 0
[2015-11-20 23:19:51] EDIT bot/models/scheduler.py: 0
[2015-11-20 23:20:01] EDIT bot/models/scheduler.py: 0
[2015-11-20 23:20:06] EDIT bot/models/scheduler.py: 0
[2015-11-20 23:20:09] EDIT bot/models/scheduler.py: 0
[2015-11-20 23:20:12] EDIT bot/models/scheduler.py: 0
[2015-11-20 23:20:42] EDIT bot/models/scheduler.py: -2
[2015-11-20 23:20:52] EDIT bot/models/scheduler.py: 0
[2015-11-20 23:20:54] EDIT bot/models/scheduler.py: 0
[2015-11-20 23:20:54] EDIT bot/models/scheduler.py: 0
[2015-11-20 23:20:55] EDIT bot/models/scheduler.py: 0
[2015-11-20 23:21:04] EDIT bot/models/scheduler.py: 0
[2015-11-20 23:21:15] EDIT bot/models/scheduler.py: 0
[2015-11-20 23:21:27] EDIT bot/models/scheduler.py: 0
[2015-11-20 23:21:36] EDIT bot/models/scheduler.py: 0
[2015-11-20 23:21:37] EDIT bot/models/scheduler.py: 0
[2015-11-20 23:21:58] EDIT bot/models/scheduler.py: 1
[2015-11-20 23:22:01] EDIT bot/models/scheduler.py: 0
[2015-11-20 23:22:45] EDIT bot/models/scheduler.py: 0
[2015-11-20 23:22:46] EDIT bot/models/scheduler.py: 0
[2015-11-20 23:22:53] EDIT bot/models/scheduler.py: 0
[2015-11-20 23:22:58] EDIT bot/models/scheduler.py: 0
[2015-11-20 23:23:01] EDIT bot/models/scheduler.py: 0
[2015-11-20 23:23:04] EDIT bot/models/scheduler.py: 0
[2015-11-20 23:23:23] EDIT bot/models/scheduler.py: 0
[2015-11-20 23:24:26] EDIT bot/views/default/dashboard.html: 2
[2015-11-20 23:25:14] EDIT bot/views/default/manage_accounts.html: 2
[2015-11-20 23:25:22] EDIT bot/views/default/accounts.html: 2
[2015-11-20 23:25:35] EDIT bot/views/default/import_account.html: 2
[2015-11-20 23:25:55] EDIT bot/views/default/manage_settings.html: 2
[2015-11-20 23:27:13] EDIT bot/views/default/manage_users.html: 1
[2015-11-20 23:27:16] EDIT bot/views/default/manage_settings.html: -1
[2015-11-20 23:28:15] EDIT bot/models/scheduler.py: 0
[2015-11-20 23:29:43] EDIT bot/models/scheduler.py: 4
[2015-11-20 23:32:34] EDIT bot/models/db.py: 0
[2015-11-20 23:33:07] EDIT bot/models/db.py: 0
[2015-11-20 23:34:07] EDIT bot/models/db.py: 0
[2015-11-20 23:38:42] EDIT bot/views/default/settings.html: 2
[2015-11-20 23:39:00] EDIT bot/views/default/user.html: 2
[2015-11-20 23:40:05] CREATE default/add_intel_users.html: 0
[2015-11-20 23:40:19] EDIT bot/views/default/add_intel_users.html: 1
[2015-11-20 23:41:35] EDIT bot/controllers/default.py: 10
[2015-11-20 23:42:13] EDIT bot/controllers/default.py: -6
[2015-11-20 23:42:57] CREATE default/manage_intel_users.html: 0
[2015-11-20 23:43:09] EDIT bot/views/default/manage_intel_users.html: 1
[2015-11-20 23:43:21] EDIT bot/views/default/add_intel_users.html: 1
[2015-11-20 23:44:10] EDIT bot/views/default/dashboard.html: 2
[2015-11-20 23:44:31] EDIT bot/views/default/dashboard.html: 0
[2015-11-20 23:48:15] CREATE default/run_bot.html: 0
[2015-11-20 23:48:51] CREATE default/bot_out.html: 0
[2015-11-20 23:49:09] EDIT bot/views/default/bot_out.html: 1
[2015-11-20 23:49:21] EDIT bot/views/default/run_bot.html: 1
[2015-11-20 23:50:23] EDIT bot/views/default/dashboard.html: 2
[2015-11-20 23:51:02] EDIT bot/views/default/dashboard.html: 0
[2015-11-20 23:51:32] EDIT bot/views/default/dashboard.html: 0
[2015-11-20 23:52:49] EDIT bot/views/default/dashboard.html: 0
[2015-11-20 23:53:15] EDIT bot/views/default/dashboard.html: 0
[2015-11-20 23:53:36] EDIT bot/views/default/dashboard.html: 0
[2015-11-21 00:00:20] EDIT bot/models/scheduler.py: 2
[2015-11-21 00:44:54] EDIT bot/models/scheduler.py: 0
[2015-11-21 00:59:16] EDIT bot/models/scheduler.py: 2
[2015-11-21 01:01:01] EDIT bot/models/scheduler.py: 1
[2015-11-21 01:05:21] EDIT bot/models/scheduler.py: 1
[2015-11-21 01:11:50] EDIT bot/models/db.py: 0
[2015-11-21 01:14:57] EDIT bot/models/db.py: 0
[2015-11-21 01:15:40] EDIT bot/controllers/default.py: 0
[2015-11-21 01:16:02] EDIT bot/controllers/default.py: 0
[2015-11-21 01:20:19] EDIT bot/views/default/index.html: 5
[2015-11-21 01:20:25] EDIT bot/controllers/default.py: 0
[2015-11-21 01:21:14] EDIT bot/views/default/index.html: 0
[2015-11-21 01:21:54] EDIT bot/models/scheduler.py: 1
[2015-11-21 01:23:38] EDIT bot/models/scheduler.py: 1
[2015-11-21 01:25:00] EDIT bot/views/default/index.html: 1
[2015-11-21 02:12:51] EDIT bot/views/default/dashboard.html: 2
[2015-11-21 02:14:24] EDIT bot/views/default/index.html: -6
[2015-11-21 02:14:42] EDIT bot/views/default/dashboard.html: 7
[2015-11-21 02:14:59] EDIT bot/controllers/default.py: 0
[2015-11-21 02:15:03] EDIT bot/controllers/default.py: 0
[2015-11-21 02:16:21] EDIT bot/views/default/index.html: 7
[2015-11-21 02:16:32] EDIT bot/controllers/default.py: 0
[2015-11-21 02:16:35] EDIT bot/views/default/index.html: 0
[2015-11-21 02:18:07] EDIT bot/controllers/default.py: 1
[2015-11-21 02:19:37] EDIT bot/controllers/default.py: 1
[2015-11-21 02:19:44] EDIT bot/controllers/default.py: 0
[2015-11-21 02:23:49] EDIT bot/models/scheduler.py: -9
[2015-11-21 02:25:50] EDIT bot/models/scheduler.py: 0
[2015-11-21 02:26:43] EDIT bot/models/scheduler.py: -78
[2015-11-21 02:32:19] EDIT bot/models/scheduler.py: 0
[2015-11-21 02:32:51] EDIT bot/models/scheduler.py: 0
[2015-11-21 02:36:12] EDIT bot/views/default/index.html: 0
[2015-11-21 02:40:51] EDIT bot/views/default/index.html: 0
[2015-11-21 02:42:27] EDIT bot/controllers/default.py: -1
[2015-11-21 02:44:37] EDIT bot/views/default/index.html: 0
[2015-11-21 02:45:25] EDIT bot/views/default/index.html: 0
[2015-11-21 02:45:47] EDIT bot/views/default/index.html: 0
[2015-11-21 02:46:32] EDIT bot/views/default/index.html: 0
[2015-11-21 02:47:11] EDIT bot/views/default/index.html: 1
[2015-11-21 02:47:38] EDIT bot/views/default/index.html: -1
[2015-11-21 02:47:44] EDIT bot/views/default/index.html: 0
[2015-11-21 02:48:10] EDIT bot/views/default/index.html: 1
[2015-11-21 02:52:05] EDIT bot/controllers/default.py: -1
[2015-11-21 02:52:51] EDIT bot/views/default/index.html: -1
[2015-11-21 02:54:09] EDIT bot/controllers/default.py: 0
[2015-11-21 02:54:16] EDIT bot/controllers/default.py: 0
[2015-11-21 02:54:29] EDIT bot/views/default/index.html: 0
[2015-11-21 02:55:53] EDIT bot/views/default/index.html: 1
[2015-11-21 02:56:15] EDIT bot/views/default/index.html: 0
[2015-11-21 02:56:38] EDIT bot/views/default/index.html: 0
[2015-11-21 02:57:00] EDIT bot/views/default/index.html: -1
[2015-11-21 02:58:30] EDIT bot/views/default/index.html: 0
[2015-11-21 03:02:06] EDIT bot/views/default/index.html: 2
[2015-11-21 03:02:45] EDIT bot/views/default/index.html: 0
[2015-11-21 03:03:07] EDIT bot/views/default/index.html: 0
[2015-11-21 03:03:36] EDIT bot/views/default/index.html: 0
[2015-11-21 03:05:01] EDIT bot/views/default/dashboard.html: -7
[2015-11-21 03:05:34] EDIT bot/views/default/dashboard.html: 0
[2015-11-21 03:06:39] EDIT bot/views/default/dashboard.html: 11
[2015-11-21 03:07:09] EDIT bot/controllers/default.py: 1
[2015-11-21 03:12:33] EDIT bot/models/scheduler.py: 77
[2015-11-21 03:14:47] CREATE default/bout_ouput.html: 0
[2015-11-21 03:14:56] CREATE default/bot_ouput.html: 0
[2015-11-21 03:15:13] EDIT bot/views/default/bot_ouput.html: 1
[2015-11-21 03:15:51] EDIT bot/controllers/default.py: 0
[2015-11-21 03:22:03] EDIT bot/controllers/default.py: 0
[2015-11-21 03:25:56] EDIT bot/models/scheduler.py: -2
[2015-11-21 03:26:12] EDIT bot/models/scheduler.py: 0
[2015-11-21 03:44:36] EDIT bot/models/scheduler.py: 1
[2015-11-21 03:45:01] EDIT bot/models/scheduler.py: 1
[2015-11-21 03:45:09] EDIT bot/models/scheduler.py: 0
[2015-11-21 03:45:17] EDIT bot/models/scheduler.py: 0
[2015-11-21 03:45:19] EDIT bot/models/scheduler.py: 0
[2015-11-21 10:50:20] EDIT bot/models/scheduler.py: 3
[2015-11-21 10:51:07] EDIT bot/models/scheduler.py: 0
[2015-11-21 10:54:56] EDIT bot/models/scheduler.py: 1
[2015-11-21 11:03:40] EDIT bot/models/scheduler.py: 1
[2015-11-21 11:08:45] EDIT bot/models/db.py: 0
[2015-11-21 11:09:30] EDIT bot/models/db.py: 0
[2015-11-21 11:09:37] EDIT bot/models/db.py: 0
[2015-11-21 11:09:44] EDIT bot/models/db.py: 0
[2015-11-21 11:09:51] EDIT bot/models/db.py: 0
[2015-11-21 11:09:57] EDIT bot/models/db.py: 0
[2015-11-21 11:10:04] EDIT bot/models/db.py: 0
[2015-11-21 11:10:10] EDIT bot/models/db.py: 0
[2015-11-21 11:13:28] EDIT bot/models/db.py: 0
[2015-11-21 11:15:55] EDIT bot/models/scheduler.py: 0
[2015-11-21 11:22:15] EDIT bot/models/db.py: 0
[2015-11-21 11:22:34] EDIT bot/models/db.py: 0
[2015-11-21 11:23:12] EDIT bot/models/db.py: 1
[2015-11-21 11:26:39] EDIT bot/models/scheduler.py: 0
[2015-11-21 11:27:09] EDIT bot/models/scheduler.py: 1
[2015-11-21 11:27:53] EDIT bot/models/scheduler.py: 0
[2015-11-21 11:28:19] EDIT bot/models/scheduler.py: 0
[2015-11-21 11:30:06] EDIT bot/models/scheduler.py: 0
[2015-11-21 11:30:51] EDIT bot/models/scheduler.py: 0
[2015-11-21 11:31:04] EDIT bot/models/scheduler.py: 0
[2015-11-21 11:31:41] EDIT bot/models/scheduler.py: 0
[2015-11-21 12:33:47] EDIT bot/models/scheduler.py: 0
[2015-11-21 12:36:24] EDIT bot/models/scheduler.py: 0
[2015-11-21 12:36:46] EDIT bot/models/scheduler.py: 0
[2015-11-21 12:40:53] EDIT bot/models/scheduler.py: 0
[2015-11-21 12:41:55] EDIT bot/models/scheduler.py: 0
[2015-11-21 12:42:26] EDIT bot/models/db.py: 0
[2015-11-21 12:49:52] EDIT bot/models/db.py: -1
[2015-11-21 12:56:22] EDIT bot/models/db.py: 0
[2015-11-21 12:59:20] EDIT bot/models/db.py: 0
[2015-11-21 12:59:55] EDIT bot/models/db.py: 0
[2015-11-21 13:03:16] EDIT bot/models/db.py: 0
[2015-11-21 13:03:29] EDIT bot/models/db.py: 0
[2015-11-21 13:04:41] EDIT bot/models/db.py: 0
[2015-11-21 13:07:11] EDIT bot/models/db.py: 0
[2015-11-21 13:13:39] EDIT bot/models/db.py: 0
[2015-11-21 13:16:45] EDIT bot/models/db.py: 0
[2015-11-21 13:16:53] EDIT bot/models/db.py: 0
[2015-11-21 13:29:48] EDIT bot/controllers/default.py: 4
[2015-11-21 13:33:25] EDIT bot/models/scheduler.py: -18
[2015-11-21 13:35:59] EDIT bot/models/scheduler.py: 1
[2015-11-21 13:45:21] EDIT bot/models/scheduler.py: 5
[2015-11-21 13:46:48] EDIT bot/models/scheduler.py: 0
[2015-11-21 13:49:59] EDIT bot/models/scheduler.py: 0
[2015-11-21 13:50:14] EDIT bot/models/scheduler.py: 0
[2015-11-21 13:52:57] EDIT bot/models/scheduler.py: 1
[2015-11-21 13:53:52] EDIT bot/models/scheduler.py: 0
[2015-11-21 13:54:28] EDIT bot/models/scheduler.py: 0
[2015-11-21 13:55:46] EDIT bot/models/scheduler.py: 1
[2015-11-21 13:56:09] EDIT bot/models/scheduler.py: 0
[2015-11-21 13:57:23] EDIT bot/models/scheduler.py: 6
[2015-11-21 13:58:16] EDIT bot/models/scheduler.py: 2
[2015-11-21 14:00:27] EDIT bot/models/scheduler.py: 0
[2015-11-21 14:00:34] EDIT bot/models/scheduler.py: 0
[2015-11-21 14:01:12] EDIT bot/models/scheduler.py: 0
[2015-11-21 14:02:16] EDIT bot/models/scheduler.py: 0
[2015-11-21 14:03:52] EDIT bot/models/scheduler.py: -1
[2015-11-21 14:06:18] EDIT bot/models/scheduler.py: 1
[2015-11-21 14:07:26] EDIT bot/models/scheduler.py: 1
[2015-11-21 14:07:49] EDIT bot/models/scheduler.py: 1
[2015-11-21 14:12:55] EDIT bot/models/scheduler.py: 0
[2015-11-21 14:22:00] EDIT bot/models/scheduler.py: 0
[2015-11-21 14:25:44] EDIT bot/models/scheduler.py: -1
[2015-11-21 14:26:11] EDIT bot/models/scheduler.py: 0
[2015-11-21 14:27:31] EDIT bot/models/scheduler.py: 0
[2015-11-21 14:28:20] EDIT bot/models/scheduler.py: -1
[2015-11-21 14:29:16] EDIT bot/models/scheduler.py: 1
[2015-11-21 14:29:34] EDIT bot/models/scheduler.py: 1
[2015-11-21 14:41:07] EDIT bot/models/scheduler.py: 0
[2015-11-21 14:43:00] EDIT bot/models/scheduler.py: 1
[2015-11-21 14:44:58] EDIT bot/models/scheduler.py: 1
[2015-11-21 14:45:15] EDIT bot/models/scheduler.py: -1
[2015-11-21 14:46:20] EDIT bot/models/scheduler.py: 2
[2015-11-21 14:46:52] EDIT bot/models/scheduler.py: 1
[2015-11-21 14:47:18] EDIT bot/models/scheduler.py: 0
[2015-11-21 14:47:55] EDIT bot/models/scheduler.py: 2
[2015-11-21 14:48:42] EDIT bot/models/scheduler.py: 0
[2015-11-21 14:48:58] EDIT bot/models/scheduler.py: 0
[2015-11-21 14:51:25] EDIT bot/models/scheduler.py: 1
[2015-11-21 14:51:30] EDIT bot/models/scheduler.py: 0
[2015-11-21 14:54:56] EDIT bot/models/scheduler.py: 2
[2015-11-21 15:04:25] EDIT bot/models/scheduler.py: 0
[2015-11-21 15:10:15] EDIT bot/models/scheduler.py: 0
[2015-11-21 15:13:03] EDIT bot/models/scheduler.py: -1
[2015-11-21 15:13:20] EDIT bot/models/scheduler.py: 0
[2015-11-21 16:13:24] EDIT bot/models/scheduler.py: 0
[2015-11-21 16:14:00] EDIT bot/models/scheduler.py: 0
[2015-11-21 16:15:14] EDIT bot/models/scheduler.py: 1
[2015-11-21 16:16:01] EDIT bot/models/scheduler.py: -1
[2015-11-21 16:16:27] EDIT bot/models/scheduler.py: 1
[2015-11-21 16:16:55] EDIT bot/models/scheduler.py: 1
[2015-11-21 16:17:17] EDIT bot/models/scheduler.py: 1
[2015-11-21 16:21:18] EDIT bot/models/scheduler.py: 0
[2015-11-21 16:21:55] EDIT bot/models/scheduler.py: 0
[2015-11-21 16:23:33] EDIT bot/models/scheduler.py: 0
[2015-11-21 16:25:16] EDIT bot/models/scheduler.py: 1
[2015-11-21 16:25:39] EDIT bot/models/scheduler.py: 0
[2015-11-21 16:26:16] EDIT bot/models/scheduler.py: 1
[2015-11-21 16:26:38] EDIT bot/models/scheduler.py: 0
[2015-11-21 16:30:11] EDIT bot/models/scheduler.py: 1
[2015-11-21 16:31:18] EDIT bot/models/scheduler.py: 1
[2015-11-21 16:33:02] EDIT bot/models/scheduler.py: 2
[2015-11-21 16:33:10] EDIT bot/models/scheduler.py: 0
[2015-11-21 16:34:04] EDIT bot/models/scheduler.py: 0
[2015-11-21 16:34:22] EDIT bot/models/scheduler.py: -1
[2015-11-21 16:36:34] EDIT bot/models/scheduler.py: 0
[2015-11-21 16:37:12] EDIT bot/models/scheduler.py: 0
[2015-11-21 16:38:42] EDIT bot/models/scheduler.py: 0
[2015-11-21 16:40:00] EDIT bot/models/scheduler.py: 1
[2015-11-21 16:40:31] EDIT bot/models/scheduler.py: 0
[2015-11-21 16:40:36] EDIT bot/models/scheduler.py: 0
[2015-11-21 16:41:42] EDIT bot/models/scheduler.py: 0
[2015-11-21 16:42:06] EDIT bot/models/scheduler.py: 0
[2015-11-21 16:43:01] EDIT bot/models/scheduler.py: 0
[2015-11-21 16:44:20] EDIT bot/models/scheduler.py: 0
[2015-11-21 16:46:38] EDIT bot/models/scheduler.py: 2
[2015-11-21 16:47:23] EDIT bot/models/scheduler.py: 0
[2015-11-21 16:48:35] EDIT bot/models/db.py: 0
[2015-11-21 16:49:57] EDIT bot/models/scheduler.py: 0
[2015-11-21 16:51:11] EDIT bot/models/scheduler.py: -1
[2015-11-21 16:51:20] EDIT bot/models/scheduler.py: -1
[2015-11-21 16:53:33] EDIT bot/models/scheduler.py: 1
[2015-11-21 16:53:57] EDIT bot/models/scheduler.py: 0
[2015-11-21 16:54:29] EDIT bot/models/scheduler.py: -1
[2015-11-21 16:54:42] EDIT bot/models/scheduler.py: 0
[2015-11-21 16:56:05] EDIT bot/models/scheduler.py: 2
[2015-11-21 16:56:42] EDIT bot/models/scheduler.py: 0
[2015-11-21 16:58:48] EDIT bot/models/scheduler.py: 2
[2015-11-21 16:59:01] EDIT bot/models/scheduler.py: 0
[2015-11-21 16:59:29] EDIT bot/models/scheduler.py: 0
[2015-11-21 17:01:06] EDIT bot/models/scheduler.py: 0
[2015-11-21 17:01:37] EDIT bot/models/db.py: 0
[2015-11-21 17:03:00] EDIT bot/models/db.py: 0
[2015-11-21 17:09:27] EDIT bot/models/scheduler.py: 0
[2015-11-21 17:09:48] EDIT bot/models/scheduler.py: 1
[2015-11-21 17:10:30] EDIT bot/models/scheduler.py: 1
[2015-11-21 17:11:00] EDIT bot/models/scheduler.py: 0
[2015-11-21 17:11:41] EDIT bot/models/scheduler.py: 0
[2015-11-21 17:12:40] EDIT bot/models/scheduler.py: 0
[2015-11-21 17:13:03] EDIT bot/models/scheduler.py: -1
[2015-11-21 17:14:12] EDIT bot/models/scheduler.py: 0
[2015-11-21 17:15:00] EDIT bot/models/scheduler.py: 0
[2015-11-21 17:17:01] EDIT bot/models/scheduler.py: -2
[2015-11-21 17:20:28] EDIT bot/models/scheduler.py: 1
[2015-11-21 17:20:38] EDIT bot/models/scheduler.py: 0
[2015-11-21 17:21:38] EDIT bot/models/scheduler.py: 0
[2015-11-21 17:22:47] EDIT bot/models/scheduler.py: 0
[2015-11-21 17:23:36] EDIT bot/models/scheduler.py: 0
[2015-11-21 17:26:31] EDIT bot/models/scheduler.py: 1
[2015-11-21 17:27:04] EDIT bot/models/scheduler.py: 0
[2015-11-21 17:28:11] EDIT bot/models/scheduler.py: 0
[2015-11-21 17:33:02] EDIT bot/controllers/default.py: 4
[2015-11-21 17:33:23] EDIT bot/controllers/default.py: 0
[2015-11-21 17:33:42] EDIT bot/controllers/default.py: 0
[2015-11-21 17:36:08] EDIT bot/models/db.py: 1
[2015-11-21 17:37:10] EDIT bot/controllers/default.py: 0
[2015-11-21 17:37:32] CREATE default/manage_user_scrapers.html: 0
[2015-11-21 17:39:19] EDIT bot/views/default/manage_user_scrapers.html: 4
[2015-11-21 17:40:52] EDIT bot/views/default/dashboard.html: 2
[2015-11-21 17:42:31] EDIT bot/models/db.py: 0
[2015-11-21 17:44:23] EDIT bot/models/db.py: 0
[2015-11-21 17:45:48] EDIT bot/models/scheduler.py: 2
[2015-11-21 17:46:45] EDIT bot/models/scheduler.py: 1
[2015-11-21 17:48:21] EDIT bot/models/scheduler.py: 0
[2015-11-21 17:50:27] EDIT bot/models/scheduler.py: 2
[2015-11-21 17:59:32] EDIT bot/models/db.py: 0
[2015-11-21 17:59:49] EDIT bot/models/db.py: 0
[2015-11-21 18:04:47] EDIT bot/models/scheduler.py: 20
[2015-11-21 18:07:35] EDIT bot/models/scheduler.py: -1
[2015-11-21 18:08:38] EDIT bot/models/scheduler.py: 0
[2015-11-21 18:11:01] EDIT bot/models/scheduler.py: 0
[2015-11-21 18:13:14] EDIT bot/models/scheduler.py: 6
[2015-11-21 18:13:34] EDIT bot/models/scheduler.py: 0
[2015-11-21 18:15:11] EDIT bot/models/scheduler.py: 0
[2015-11-21 18:15:19] EDIT bot/models/scheduler.py: 0
[2015-11-21 18:15:24] EDIT bot/models/scheduler.py: 0
[2015-11-21 18:17:33] EDIT bot/models/scheduler.py: 2
[2015-11-21 18:18:46] EDIT bot/models/scheduler.py: 2
[2015-11-21 18:18:56] EDIT bot/models/scheduler.py: 1
[2015-11-21 18:19:35] EDIT bot/models/scheduler.py: 0
[2015-11-21 18:21:14] EDIT bot/models/scheduler.py: 0
[2015-11-21 18:21:19] EDIT bot/models/scheduler.py: -1
[2015-11-21 18:22:42] EDIT bot/models/scheduler.py: 1
[2015-11-21 18:38:08] EDIT bot/models/scheduler.py: -2
[2015-11-21 18:39:24] EDIT bot/models/scheduler.py: -7
[2015-11-21 18:39:56] EDIT bot/models/scheduler.py: 0
[2015-11-21 18:40:02] EDIT bot/models/scheduler.py: 0
[2015-11-21 18:41:25] EDIT bot/models/scheduler.py: -4
[2015-11-21 18:42:03] EDIT bot/models/scheduler.py: 0
[2015-11-21 18:42:35] EDIT bot/models/scheduler.py: 0
[2015-11-21 18:42:50] EDIT bot/models/scheduler.py: 1
[2015-11-21 18:44:39] EDIT bot/models/scheduler.py: 1
[2015-11-21 18:51:07] EDIT bot/models/scheduler.py: 0
[2015-11-21 18:52:07] EDIT bot/models/scheduler.py: 0
[2015-11-21 18:56:41] EDIT bot/models/scheduler.py: 1
[2015-11-21 18:56:57] EDIT bot/models/scheduler.py: -1
[2015-11-21 19:00:42] EDIT bot/models/scheduler.py: 1
[2015-11-21 19:02:11] EDIT bot/models/scheduler.py: 0
[2015-11-21 19:03:12] EDIT bot/models/scheduler.py: 0
[2015-11-21 19:04:01] EDIT bot/models/scheduler.py: 1
[2015-11-21 19:07:13] EDIT bot/models/scheduler.py: 1
[2015-11-21 19:07:49] EDIT bot/models/scheduler.py: 0
[2015-11-21 19:09:09] EDIT bot/models/scheduler.py: 0
[2015-11-21 21:00:49] CREATE default/schedule_run.html: 0
[2015-11-21 21:02:40] EDIT bot/controllers/default.py: 2
[2015-11-21 21:05:03] EDIT bot/views/default/dashboard.html: 2
[2015-11-21 21:05:37] EDIT bot/views/default/schedule_run.html: -2
[2015-11-21 21:28:42] EDIT bot/controllers/default.py: 5
[2015-11-21 21:30:52] EDIT bot/views/default/schedule_run.html: 1
[2015-11-21 21:30:54] EDIT bot/views/default/schedule_run.html: 0
[2015-11-21 21:32:17] EDIT bot/controllers/default.py: 0
[2015-11-21 21:32:20] EDIT bot/controllers/default.py: 0
[2015-11-21 21:32:20] EDIT bot/controllers/default.py: 0
[2015-11-21 21:33:50] EDIT bot/controllers/default.py: 1
[2015-11-21 21:35:00] EDIT bot/controllers/default.py: 0
[2015-11-21 21:36:53] EDIT bot/controllers/default.py: 1
[2015-11-21 21:39:18] EDIT bot/controllers/default.py: 1
[2015-11-21 21:39:33] EDIT bot/controllers/default.py: 0
[2015-11-21 21:45:53] EDIT bot/controllers/default.py: 0
[2015-11-21 21:47:13] EDIT bot/controllers/default.py: -1
[2015-11-21 21:49:58] EDIT bot/controllers/default.py: 0
[2015-11-21 21:50:01] EDIT bot/controllers/default.py: 0
[2015-11-21 21:50:34] EDIT bot/controllers/default.py: 0
[2015-11-21 21:52:04] EDIT bot/controllers/default.py: -2
[2015-11-21 21:52:16] EDIT bot/controllers/default.py: 0
[2015-11-21 21:52:52] EDIT bot/controllers/default.py: 0
[2015-11-21 21:54:32] EDIT bot/views/default/schedule_run.html: 2
[2015-11-21 21:55:36] EDIT bot/views/default/schedule_run.html: 2
[2015-11-21 21:57:07] EDIT bot/views/default/schedule_run.html: -5
[2015-11-21 21:57:45] EDIT bot/controllers/default.py: 2
[2015-11-21 21:58:23] EDIT bot/views/default/schedule_run.html: 2
[2015-11-21 22:01:18] EDIT bot/controllers/default.py: 0
[2015-11-21 22:01:37] EDIT bot/controllers/default.py: 0
[2015-11-21 22:01:41] EDIT bot/controllers/default.py: 0
[2015-11-21 22:02:46] EDIT bot/controllers/default.py: 0
[2015-11-21 22:03:35] EDIT bot/controllers/default.py: 0
[2015-11-21 22:04:33] EDIT bot/controllers/default.py: 0
[2015-11-21 22:05:16] EDIT bot/controllers/default.py: 0
[2015-11-21 22:12:07] EDIT bot/controllers/default.py: 0
[2015-11-21 22:12:14] EDIT bot/controllers/default.py: 0
[2015-11-21 22:12:18] EDIT bot/controllers/default.py: 0
[2015-11-21 22:13:45] EDIT bot/controllers/default.py: 0
[2015-11-21 22:16:17] EDIT bot/controllers/default.py: 0
[2015-11-21 22:16:30] EDIT bot/controllers/default.py: 0
[2015-11-21 22:16:32] EDIT bot/controllers/default.py: 0
[2015-11-21 22:16:33] EDIT bot/controllers/default.py: 0
[2015-11-21 22:16:34] EDIT bot/controllers/default.py: 0
[2015-11-21 22:16:34] EDIT bot/controllers/default.py: 0
[2015-11-21 22:16:34] EDIT bot/controllers/default.py: 0
[2015-11-21 22:16:50] EDIT bot/controllers/default.py: 0
[2015-11-21 22:17:29] EDIT bot/controllers/default.py: 0
[2015-11-21 22:18:15] EDIT bot/controllers/default.py: 0
[2015-11-21 22:28:22] EDIT bot/controllers/default.py: 0
[2015-11-21 22:29:10] EDIT bot/controllers/default.py: 0
[2015-11-21 22:29:50] EDIT bot/controllers/default.py: 0
[2015-11-21 22:30:49] EDIT bot/controllers/default.py: 0
[2015-11-21 22:59:37] EDIT bot/controllers/default.py: 0
[2015-11-21 22:59:51] EDIT bot/controllers/default.py: 0
[2015-11-21 22:59:52] EDIT bot/controllers/default.py: 0
[2015-11-21 23:00:08] EDIT bot/controllers/default.py: 0
[2015-11-21 23:00:56] EDIT bot/controllers/default.py: 0
[2015-11-21 23:00:58] EDIT bot/controllers/default.py: 0
[2015-11-21 23:01:09] EDIT bot/controllers/default.py: 0
[2015-11-21 23:01:30] EDIT bot/controllers/default.py: 0
[2015-11-21 23:01:44] EDIT bot/controllers/default.py: 0
[2015-11-21 23:02:01] EDIT bot/controllers/default.py: 0
[2015-11-21 23:08:10] EDIT bot/controllers/default.py: 0
[2015-11-21 23:08:24] EDIT bot/controllers/default.py: 0
[2015-11-21 23:08:26] EDIT bot/controllers/default.py: 0
[2015-11-21 23:08:30] EDIT bot/controllers/default.py: 0
[2015-11-21 23:08:33] EDIT bot/controllers/default.py: 0
[2015-11-21 23:08:36] EDIT bot/controllers/default.py: 0
[2015-11-21 23:08:38] EDIT bot/controllers/default.py: 0
[2015-11-21 23:08:40] EDIT bot/controllers/default.py: 0
[2015-11-21 23:08:41] EDIT bot/controllers/default.py: 0
[2015-11-21 23:08:45] EDIT bot/controllers/default.py: 0
[2015-11-21 23:09:18] EDIT bot/controllers/default.py: 0
[2015-11-21 23:09:38] EDIT bot/controllers/default.py: 0
[2015-11-21 23:09:51] EDIT bot/controllers/default.py: 0
[2015-11-21 23:09:52] EDIT bot/controllers/default.py: 0
[2015-11-21 23:09:54] EDIT bot/controllers/default.py: 0
[2015-11-21 23:10:09] EDIT bot/controllers/default.py: 0
[2015-11-21 23:10:30] EDIT bot/controllers/default.py: 0
[2015-11-21 23:10:31] EDIT bot/controllers/default.py: 0
[2015-11-21 23:10:57] EDIT bot/controllers/default.py: 0
[2015-11-21 23:10:58] EDIT bot/controllers/default.py: 0
[2015-11-21 23:11:01] EDIT bot/controllers/default.py: 0
[2015-11-21 23:15:46] EDIT bot/controllers/default.py: 0
[2015-11-21 23:16:11] EDIT bot/controllers/default.py: 0
[2015-11-21 23:16:21] EDIT bot/controllers/default.py: 0
[2015-11-21 23:19:18] EDIT bot/controllers/default.py: 0
[2015-11-21 23:35:42] EDIT bot/controllers/default.py: 0
[2015-11-21 23:36:17] EDIT bot/controllers/default.py: 0
[2015-11-21 23:36:49] EDIT bot/controllers/default.py: 0
[2015-11-21 23:37:26] EDIT bot/controllers/default.py: 0
[2015-11-21 23:37:54] EDIT bot/controllers/default.py: 0
[2015-11-21 23:38:51] EDIT bot/controllers/default.py: 0
[2015-11-21 23:39:29] EDIT bot/controllers/default.py: 0
[2015-11-21 23:43:07] EDIT bot/controllers/default.py: 0
[2015-11-21 23:44:15] EDIT bot/controllers/default.py: 0
[2015-11-21 23:45:21] EDIT bot/controllers/default.py: 0
[2015-11-21 23:46:00] EDIT bot/controllers/default.py: 0
[2015-11-21 23:46:34] EDIT bot/controllers/default.py: 0
[2015-11-21 23:50:05] EDIT bot/views/default/schedule_run.html: 2
[2015-11-21 23:50:20] EDIT bot/views/default/schedule_run.html: 1
[2015-11-21 23:50:47] EDIT bot/views/default/schedule_run.html: 1
[2015-11-21 23:51:04] EDIT bot/views/default/schedule_run.html: 2
[2015-11-21 23:54:34] EDIT bot/views/default/schedule_run.html: 3
[2015-11-21 23:55:26] EDIT bot/views/default/schedule_run.html: 0
[2015-11-21 23:57:13] EDIT bot/views/default/schedule_run.html: 0
[2015-11-21 23:59:31] EDIT bot/views/default/schedule_run.html: 5
[2015-11-21 23:59:58] EDIT bot/views/default/schedule_run.html: 0
[2015-11-22 00:00:54] EDIT bot/views/default/schedule_run.html: 1
[2015-11-22 00:02:11] EDIT bot/views/default/schedule_run.html: 0
[2015-11-22 00:06:35] EDIT bot/views/default/schedule_run.html: 5
[2015-11-22 00:10:40] EDIT bot/controllers/default.py: 6
[2015-11-22 00:19:06] EDIT bot/controllers/default.py: 9
[2015-11-22 00:27:39] EDIT bot/controllers/default.py: 2
[2015-11-22 00:31:51] EDIT bot/controllers/default.py: 0
[2015-11-22 00:41:54] EDIT bot/controllers/default.py: 4
[2015-11-22 00:42:31] EDIT bot/controllers/default.py: 1
[2015-11-22 00:50:02] EDIT bot/controllers/default.py: 0
[2015-11-22 00:56:55] EDIT bot/controllers/default.py: -1
[2015-11-22 01:02:08] EDIT bot/views/default/dashboard.html: 2
[2015-11-22 01:05:59] EDIT bot/controllers/default.py: 25
[2015-11-22 01:11:33] EDIT bot/controllers/default.py: -4
[2015-11-22 01:11:58] CREATE default/delete_run.html: 0
[2015-11-22 01:12:43] EDIT bot/views/default/delete_run.html: 1
[2015-11-22 01:13:39] EDIT bot/controllers/default.py: 1
[2015-11-22 01:13:53] EDIT bot/controllers/default.py: 1
[2015-11-22 01:14:25] EDIT bot/controllers/default.py: 2
[2015-11-22 01:15:24] EDIT bot/controllers/default.py: 0
[2015-11-22 01:15:32] EDIT bot/controllers/default.py: 0
[2015-11-22 01:17:17] EDIT bot/controllers/default.py: 0
[2015-11-22 01:18:21] EDIT bot/controllers/default.py: 0
[2015-11-22 01:20:47] EDIT bot/controllers/default.py: 0
[2015-11-22 01:22:29] EDIT bot/controllers/default.py: 0
[2015-11-22 01:24:09] EDIT bot/controllers/default.py: 0
[2015-11-22 01:26:21] EDIT bot/controllers/default.py: 0
[2015-11-22 01:38:17] EDIT bot/models/scheduler.py: 20
[2015-11-22 01:39:51] EDIT bot/models/scheduler.py: 6
[2015-11-22 01:40:40] EDIT bot/models/scheduler.py: 0
[2015-11-22 01:42:40] EDIT bot/models/scheduler.py: 1
[2015-11-22 01:42:49] EDIT bot/models/scheduler.py: 0
[2015-11-22 01:44:07] EDIT bot/models/scheduler.py: 3
[2015-11-22 01:46:08] EDIT bot/models/scheduler.py: 7
[2015-11-22 01:46:14] EDIT bot/models/scheduler.py: 0
[2015-11-22 01:46:26] EDIT bot/models/scheduler.py: 0
[2015-11-22 01:49:42] EDIT bot/models/scheduler.py: 2
[2015-11-22 01:50:35] EDIT bot/models/scheduler.py: 0
[2015-11-22 01:52:06] EDIT bot/controllers/default.py: 0
[2015-11-22 02:00:51] EDIT bot/controllers/default.py: 0
[2015-11-22 02:04:25] EDIT bot/controllers/default.py: 1
[2015-11-22 02:07:49] EDIT bot/controllers/default.py: 0
[2015-11-22 02:08:39] EDIT bot/controllers/default.py: 0
[2015-11-22 02:09:16] EDIT bot/controllers/default.py: 0
[2015-11-22 02:17:11] EDIT bot/controllers/default.py: 12
[2015-11-22 02:20:12] EDIT bot/controllers/default.py: 5
[2015-11-22 02:20:20] EDIT bot/controllers/default.py: 0
[2015-11-22 02:22:00] EDIT bot/controllers/default.py: 3
[2015-11-22 02:24:57] EDIT bot/controllers/default.py: 14
[2015-11-22 02:25:39] EDIT bot/controllers/default.py: 0
[2015-11-22 02:26:47] EDIT bot/controllers/default.py: 1
[2015-11-22 02:27:46] EDIT bot/controllers/default.py: 0
[2015-11-22 02:27:53] EDIT bot/controllers/default.py: 1
[2015-11-22 02:29:14] EDIT bot/controllers/default.py: 0
[2015-11-22 02:31:47] EDIT bot/controllers/default.py: 0
[2015-11-22 02:35:05] EDIT bot/controllers/default.py: 2
[2015-11-22 02:35:20] EDIT bot/controllers/default.py: 0
[2015-11-22 02:36:47] EDIT bot/controllers/default.py: 3
[2015-11-22 02:36:58] EDIT bot/controllers/default.py: 0
[2015-11-22 02:38:05] EDIT bot/controllers/default.py: -1
[2015-11-22 02:39:19] EDIT bot/controllers/default.py: -3
[2015-11-22 02:41:59] EDIT bot/controllers/default.py: 0
[2015-11-22 02:45:53] EDIT bot/controllers/default.py: 0
[2015-11-22 02:52:52] EDIT bot/controllers/default.py: 0
[2015-11-22 02:54:44] EDIT bot/controllers/default.py: 2
[2015-11-22 02:55:39] EDIT bot/controllers/default.py: 1
[2015-11-22 02:59:51] EDIT bot/controllers/default.py: 2
[2015-11-22 03:01:53] EDIT bot/controllers/default.py: -3
[2015-11-22 03:04:17] EDIT bot/controllers/default.py: 0
[2015-11-22 03:09:01] EDIT bot/controllers/default.py: 21
[2015-11-22 03:11:27] EDIT bot/controllers/default.py: 1
[2015-11-22 03:11:45] EDIT bot/controllers/default.py: 0
[2015-11-22 03:12:47] EDIT bot/controllers/default.py: 0
[2015-11-22 03:16:18] EDIT bot/views/default/dashboard.html: -7
[2015-11-22 03:17:23] CREATE default/follow_logs.html: 0
[2015-11-22 03:21:27] EDIT bot/controllers/default.py: 7
[2015-11-22 03:22:33] EDIT bot/views/default/follow_logs.html: 9
[2015-11-22 03:23:21] EDIT bot/views/default/dashboard.html: 0
[2015-11-22 03:25:40] EDIT bot/views/default/dashboard.html: 0
[2015-11-22 03:26:16] EDIT bot/controllers/default.py: 0
[2015-11-22 03:27:43] EDIT bot/controllers/default.py: 2
[2015-11-22 03:28:03] EDIT bot/controllers/default.py: 1
[2015-11-22 03:30:29] EDIT bot/controllers/default.py: 10
[2015-11-22 03:32:09] EDIT bot/controllers/default.py: 40
[2015-11-22 03:37:23] CREATE default/unfollow_logs.html: 0
[2015-11-22 03:38:07] CREATE default/likehome_logs.html: 0
[2015-11-22 03:38:17] CREATE default/retweethome_logs.html: 0
[2015-11-22 03:38:27] CREATE default/retweetkeyword_logs.html: 0
[2015-11-22 03:38:33] CREATE default/likekeyword_logs.html: 0
[2015-11-22 03:39:16] CREATE default/autocomment_logs.html: 0
[2015-11-22 03:39:51] CREATE default/intellfollow_logs.html: 0
[2015-11-22 03:40:12] CREATE default/dmuser_logs.html: 0
[2015-11-22 03:40:24] CREATE default/scraper_logs.html: 0
[2015-11-22 03:40:31] CREATE default/logs.html: 0
[2015-11-22 03:40:52] EDIT bot/views/default/unfollow_logs.html: 9
[2015-11-22 03:46:10] EDIT bot/views/default/logs.html: 22
[2015-11-22 03:47:12] EDIT bot/views/default/dashboard.html: 2
[2015-11-22 03:48:11] EDIT bot/controllers/default.py: 50
[2015-11-22 03:50:54] EDIT bot/controllers/default.py: 3
[2015-11-22 03:52:14] EDIT bot/controllers/default.py: 30
[2015-11-22 03:54:36] EDIT bot/views/default/logs.html: 0
[2015-11-22 03:55:50] EDIT bot/views/default/logs.html: 1
[2015-11-22 03:56:23] EDIT bot/views/default/logs.html: -3
[2015-11-22 03:57:09] EDIT bot/views/default/logs.html: 0
[2015-11-22 03:58:19] EDIT bot/views/default/scraper_logs.html: -2
[2015-11-22 03:58:21] EDIT bot/views/default/dmuser_logs.html: -2
[2015-11-22 03:58:23] EDIT bot/views/default/intellfollow_logs.html: -2
[2015-11-22 03:58:26] EDIT bot/views/default/unfollow_logs.html: 0
[2015-11-22 04:01:49] EDIT bot/views/default/follow_logs.html: 4
[2015-11-22 04:02:09] EDIT bot/views/default/follow_logs.html: 0
[2015-11-22 04:06:01] EDIT bot/controllers/default.py: 3
[2015-11-22 04:06:19] EDIT bot/controllers/default.py: 0
[2015-11-22 04:08:51] EDIT bot/controllers/default.py: 17
[2015-11-22 04:09:16] EDIT bot/views/default/scraper_logs.html: 15
[2015-11-22 04:09:21] EDIT bot/views/default/dmuser_logs.html: 15
[2015-11-22 04:09:27] EDIT bot/views/default/intellfollow_logs.html: 15
[2015-11-22 04:09:33] EDIT bot/views/default/unfollow_logs.html: 4
[2015-11-22 04:09:51] EDIT bot/views/default/likehome_logs.html: 13
[2015-11-22 04:09:59] EDIT bot/views/default/likekeyword_logs.html: 13
[2015-11-22 04:10:11] EDIT bot/views/default/retweethome_logs.html: 13
[2015-11-22 04:10:24] EDIT bot/views/default/retweetkeyword_logs.html: 13
[2015-11-22 04:10:33] EDIT bot/views/default/scraper_logs.html: 0
[2015-11-21 21:30:21] EDIT bot/models/db.py: 0
[2015-11-21 21:30:47] EDIT bot/controllers/scheduler.py: 0
[2015-11-21 21:39:16] EDIT bot/models/db.py: 0
[2015-11-22 02:31:24] EDIT bot/models/db.py: 0
[2015-11-22 02:32:43] EDIT bot/models/db.py: 0
[2015-11-22 02:42:47] EDIT bot/controllers/default.py: 0
[2015-11-22 02:50:29] EDIT bot/views/default/dashboard.html: 0
[2015-11-22 02:51:49] EDIT bot/views/default/dashboard.html: 2
[2015-11-22 02:53:22] EDIT bot/views/default/unfollow_logs.html: 0
[2015-11-22 02:53:56] EDIT bot/views/default/scraper_logs.html: 0
[2015-11-22 02:54:23] EDIT bot/views/default/retweetkeyword_logs.html: 0
[2015-11-22 02:54:53] EDIT bot/views/default/retweethome_logs.html: 0
[2015-11-22 02:55:23] EDIT bot/views/default/likekeyword_logs.html: 0
[2015-11-22 02:55:37] EDIT bot/views/default/likehome_logs.html: 0
[2015-11-22 02:56:01] EDIT bot/views/default/intellfollow_logs.html: 0
[2015-11-22 02:56:25] EDIT bot/views/default/dmuser_logs.html: 0
[2015-11-22 02:56:49] EDIT bot/views/default/autocomment_logs.html: 13
[2015-11-22 03:17:45] CREATE auto_unfollow.html: 0
[2015-11-22 03:35:50] EDIT bot/models/db.py: 0
[2015-11-22 03:37:46] EDIT bot/models/db.py: 0
[2015-11-22 03:39:24] EDIT bot/models/db.py: 0
[2015-11-22 03:40:51] EDIT bot/controllers/scheduler.py: 0
[2015-11-22 03:52:23] EDIT bot/controllers/scheduler.py: 2
[2015-11-22 04:00:18] EDIT bot/controllers/scheduler.py: 3
[2015-11-22 04:11:19] EDIT bot/controllers/scheduler.py: 2
[2015-11-22 04:18:59] EDIT bot/controllers/scheduler.py: 7
[2015-11-22 04:36:40] EDIT bot/controllers/scheduler.py: 0
[2015-11-22 04:39:36] EDIT bot/controllers/scheduler.py: 0
[2015-11-22 04:44:29] EDIT bot/controllers/scheduler.py: 0
[2015-11-26 16:18:08] EDIT MyTwitter/models/db.py: 0
[2015-11-26 16:19:08] EDIT MyTwitter/controllers/scheduler.py: 0
[2015-11-26 16:22:10] EDIT MyTwitter/controllers/scheduler.py: 0
[2015-11-26 16:23:28] EDIT MyTwitter/models/db.py: 0
[2015-11-26 16:23:38] EDIT MyTwitter/models/db.py: 0
[2015-11-26 16:23:48] EDIT MyTwitter/models/db.py: 0
[2015-11-26 16:24:31] EDIT MyTwitter/models/db.py: 0
[2015-11-26 16:24:54] EDIT MyTwitter/controllers/scheduler.py: 0
[2015-11-26 16:26:59] EDIT MyTwitter/models/db.py: 0
[2015-11-26 16:27:44] EDIT MyTwitter/controllers/scheduler.py: 0
[2015-11-26 16:29:51] EDIT MyTwitter/models/db.py: 0
[2015-11-26 16:30:12] EDIT MyTwitter/controllers/scheduler.py: 0
[2015-11-26 16:37:49] EDIT MyTwitter/controllers/scheduler.py: 0
[2015-11-26 16:38:07] EDIT MyTwitter/models/db.py: 0
[2015-11-26 16:41:10] EDIT MyTwitter/models/db.py: 0
[2015-11-28 18:19:57] EDIT MyTwitter/models/db.py: 0
[2015-11-28 18:21:18] EDIT MyTwitter/controllers/scheduler.py: 0
[2015-11-28 18:30:43] EDIT MyTwitter/controllers/scheduler.py: -1
[2015-11-28 18:41:04] EDIT MyTwitter/controllers/scheduler.py: 9
[2015-11-28 18:45:11] EDIT MyTwitter/controllers/scheduler.py: 11
[2015-11-28 18:47:04] EDIT MyTwitter/controllers/scheduler.py: 0
[2015-11-28 18:52:18] EDIT MyTwitter/controllers/scheduler.py: 0
[2015-11-28 18:55:06] EDIT MyTwitter/controllers/scheduler.py: 0
[2015-11-28 18:55:12] EDIT MyTwitter/models/db.py: 0
[2015-11-28 18:56:05] EDIT MyTwitter/models/db.py: 0
[2015-11-28 18:56:22] EDIT MyTwitter/models/db.py: 0
[2015-11-28 19:00:05] EDIT MyTwitter/models/db.py: 0
[2015-11-28 19:01:43] EDIT MyTwitter/controllers/scheduler.py: 0
[2015-11-28 22:32:17] EDIT MyTwitter/controllers/scheduler.py: 0
[2015-11-28 23:14:14] EDIT MyTwitter/controllers/scheduler.py: 0
[2015-11-28 23:15:15] EDIT MyTwitter/controllers/scheduler.py: 0
[2015-11-28 23:15:28] EDIT MyTwitter/controllers/scheduler.py: 0
[2015-11-28 23:30:19] EDIT MyTwitter/controllers/scheduler.py: 3
[2015-11-28 23:37:55] EDIT MyTwitter/controllers/scheduler.py: 0
[2015-11-30 19:30:49] EDIT MyTwitter/models/db.py: 0
[2015-12-04 18:26:01] EDIT twitter/controllers/default.py: 0
[2015-12-04 18:37:00] EDIT twitter/models/db.py: 0
[2015-12-04 18:37:37] EDIT twitter/controllers/scheduler.py: 0
[2015-12-06 06:10:35] EDIT twitter/controllers/scheduler.py: 1
[2015-12-08 15:08:45] EDIT twitter/controllers/scheduler.py: -6
[2015-12-08 15:09:19] EDIT twitter/controllers/default.py: 0
[2015-12-08 15:14:59] EDIT twitter/controllers/default.py: -4
[2015-12-08 15:15:58] EDIT twitter/controllers/scheduler.py: 2
[2015-12-22 15:48:03] EDIT twitter/models/db.py: 0
[2015-12-22 15:51:05] EDIT twitter/models/db.py: 0
[2015-12-22 15:51:24] EDIT twitter/models/db.py: 0
[2015-12-22 16:31:23] EDIT twitter/models/db.py: 0
[2015-12-22 16:41:02] UPLOAD /root/web2py/applications/twitter/private/mydesign: 708
[2015-12-22 17:05:37] EDIT twitter/views/default/index.html: 0
[2015-12-22 17:06:25] EDIT twitter/views/default/dashboard.html: 0
[2015-12-22 17:06:41] EDIT twitter/views/default/manage_settings.html: 0
[2015-12-22 17:07:00] EDIT twitter/views/default/settings.html: 0
[2015-12-22 17:08:02] EDIT twitter/views/default/manage_settings.html: 0
[2015-12-22 17:13:24] EDIT twitter/views/default/dashboard.html: 0
[2015-12-22 17:13:33] EDIT twitter/views/default/index.html: 0
[2015-12-22 17:13:42] EDIT twitter/views/default/manage_settings.html: 0
[2015-12-22 17:13:52] EDIT twitter/views/default/settings.html: 0
[2015-12-22 17:16:57] EDIT twitter/views/default/settings.html: 0
[2015-12-22 17:17:06] EDIT twitter/views/default/manage_settings.html: 0
[2015-12-22 17:17:40] EDIT twitter/views/default/dashboard.html: 0
[2015-12-22 17:17:47] EDIT twitter/views/default/index.html: 0
[2015-12-22 17:19:50] EDIT twitter/views/default/index.html: 0
[2015-12-22 17:19:59] EDIT twitter/views/default/dashboard.html: 0
[2015-12-22 17:20:08] EDIT twitter/views/default/manage_settings.html: 0
[2015-12-22 17:20:16] EDIT twitter/views/default/settings.html: 0
[2015-12-22 17:23:03] EDIT twitter/views/default/manage_users.html: 0
[2015-12-22 17:23:16] EDIT twitter/views/default/manage_accounts.html: 0
[2015-12-22 17:23:37] EDIT twitter/views/default/accounts.html: 0
[2015-12-23 07:55:27] EDIT twitter/static/plugin_layouts/layouts/Whitelight/index.html: -22
[2015-12-23 07:56:38] EDIT twitter/views/plugin_layouts/layouts/Clicker.html: -3
[2015-12-23 07:57:39] EDIT twitter/views/plugin_layouts/layouts/Whitelight.html: -52
[2016-03-01 14:40:21] EDIT twitter/controllers/default.py: -126
[2016-03-01 14:43:57] EDIT twitter/controllers/scheduler.py: -155
[2016-03-01 14:53:33] EDIT twitter/controllers/default.py: -10
